Build started 2/2/2015 7:53:37 PM.
     1>Project "C:\Users\Abigail_pc\Documents\GitHub\SP_Binarize\SP_Binarize\SP_Binarize.vcxproj" on node 2 (Build target(s)).
     1>ClCompile:
         C:\Program Files (x86)\Microsoft Visual Studio 12.0\VC\bin\CL.exe /c /IC:\Users\Abigail_pc\Documents\opencv\build\x64\vc12\include /IC:\Users\Abigail_pc\Documents\opencv\build\include /IC:\Users\Abigail_pc\Documents\opencv\build\include\opencv /IC:\Users\Abigail_pc\Documents\opencv\build\include\opencv2 /ZI /nologo /W3 /WX- /sdl /Od /Oy- /D WIN32 /D _CRT_SECURE_NO_WARNINGS /D _DEBUG /D _CONSOLE /D _LIB /D _UNICODE /D UNICODE /Gm /EHsc /RTC1 /MDd /GS /fp:precise /Zc:wchar_t /Zc:forScope /Yc"stdafx.h" /Fp"Debug\SP_Binarize.pch" /Fo"Debug\\" /Fd"Debug\vc120.pdb" /Gd /TP /analyze- /errorReport:prompt stdafx.cpp
         stdafx.cpp
         C:\Program Files (x86)\Microsoft Visual Studio 12.0\VC\bin\CL.exe /c /IC:\Users\Abigail_pc\Documents\opencv\build\x64\vc12\include /IC:\Users\Abigail_pc\Documents\opencv\build\include /IC:\Users\Abigail_pc\Documents\opencv\build\include\opencv /IC:\Users\Abigail_pc\Documents\opencv\build\include\opencv2 /ZI /nologo /W3 /WX- /sdl /Od /Oy- /D WIN32 /D _CRT_SECURE_NO_WARNINGS /D _DEBUG /D _CONSOLE /D _LIB /D _UNICODE /D UNICODE /Gm /EHsc /RTC1 /MDd /GS /fp:precise /Zc:wchar_t /Zc:forScope /Yu"stdafx.h" /Fp"Debug\SP_Binarize.pch" /Fo"Debug\\" /Fd"Debug\vc120.pdb" /Gd /TP /analyze- /errorReport:prompt SP_Binarize.cpp
         SP_Binarize.cpp
     1>c:\users\abigail_pc\documents\github\sp_binarize\sp_binarize\sp_binarize.cpp(93): warning C4018: '<' : signed/unsigned mismatch
     1>c:\users\abigail_pc\documents\github\sp_binarize\sp_binarize\sp_binarize.cpp(101): warning C4018: '<' : signed/unsigned mismatch
     1>c:\users\abigail_pc\documents\github\sp_binarize\sp_binarize\sp_binarize.cpp(184): warning C4018: '<' : signed/unsigned mismatch
     1>c:\users\abigail_pc\documents\github\sp_binarize\sp_binarize\sp_binarize.cpp(190): warning C4018: '<' : signed/unsigned mismatch
     1>c:\users\abigail_pc\documents\github\sp_binarize\sp_binarize\sp_binarize.cpp(313): warning C4018: '<' : signed/unsigned mismatch
     1>c:\users\abigail_pc\documents\github\sp_binarize\sp_binarize\sp_binarize.cpp(321): warning C4018: '<' : signed/unsigned mismatch
     1>c:\users\abigail_pc\documents\github\sp_binarize\sp_binarize\sp_binarize.cpp(327): warning C4018: '<' : signed/unsigned mismatch
     1>c:\users\abigail_pc\documents\github\sp_binarize\sp_binarize\sp_binarize.cpp(329): warning C4244: 'argument' : conversion from 'double' to 'float', possible loss of data
     1>c:\users\abigail_pc\documents\github\sp_binarize\sp_binarize\sp_binarize.cpp(363): warning C4244: 'argument' : conversion from 'float' to 'int', possible loss of data
       Link:
         C:\Program Files (x86)\Microsoft Visual Studio 12.0\VC\bin\link.exe /ERRORREPORT:PROMPT /OUT:"C:\Users\Abigail_pc\Documents\GitHub\SP_Binarize\Debug\SP_Binarize.exe" /INCREMENTAL /NOLOGO /LIBPATH:C:\Users\Abigail_pc\Documents\opencv\build\x86\vc12\lib kernel32.lib user32.lib gdi32.lib winspool.lib comdlg32.lib advapi32.lib shell32.lib ole32.lib oleaut32.lib uuid.lib odbc32.lib odbccp32.lib opencv_contrib249d.lib opencv_core249d.lib opencv_features2d249d.lib opencv_flann249d.lib opencv_gpu249d.lib opencv_highgui249d.lib opencv_imgproc249d.lib opencv_legacy249d.lib opencv_ml249d.lib opencv_nonfree249d.lib opencv_objdetect249d.lib opencv_photo249d.lib opencv_stitching249d.lib opencv_superres249d.lib opencv_ts249d.lib opencv_video249d.lib opencv_videostab249d.lib opencv_calib3d249d.lib kernel32.lib user32.lib gdi32.lib winspool.lib comdlg32.lib advapi32.lib shell32.lib ole32.lib oleaut32.lib uuid.lib odbc32.lib odbccp32.lib /MANIFEST /MANIFESTUAC:"level='asInvoker' uiAccess='false'" /manifest:embed /DEBUG /PDB:"C:\Users\Abigail_pc\Documents\GitHub\SP_Binarize\Debug\SP_Binarize.pdb" /SUBSYSTEM:CONSOLE /TLBID:1 /DYNAMICBASE /NXCOMPAT /IMPLIB:"C:\Users\Abigail_pc\Documents\GitHub\SP_Binarize\Debug\SP_Binarize.lib" /MACHINE:X86 Debug\SP_Binarize.obj
         Debug\stdafx.obj
         SP_Binarize.vcxproj -> C:\Users\Abigail_pc\Documents\GitHub\SP_Binarize\Debug\SP_Binarize.exe
     1>Done Building Project "C:\Users\Abigail_pc\Documents\GitHub\SP_Binarize\SP_Binarize\SP_Binarize.vcxproj" (Build target(s)).

Build succeeded.

Time Elapsed 00:00:03.10
